<?xml version="1.0" encoding="UTF-8"?>
<testsuite xmlns:xsi="http://www.w3.org/2001/XMLSchema-instance" xsi:noNamespaceSchemaLocation="https://maven.apache.org/surefire/maven-surefire-plugin/xsd/surefire-test-report-3.0.xsd" version="3.0" name="com.compiler.model.SemanticTest" time="0.187" tests="20" errors="0" skipped="0" failures="0">
  <properties>
    <property name="java.specification.version" value="23"/>
    <property name="sun.jnu.encoding" value="UTF-8"/>
    <property name="java.class.path" value="/mnt/c/Users/scarelli/Documents/github/compiler/target/test-classes:/mnt/c/Users/scarelli/Documents/github/compiler/target/classes:/home/scarelli/.m2/repository/org/junit/jupiter/junit-jupiter-api/5.11.3/junit-jupiter-api-5.11.3.jar:/home/scarelli/.m2/repository/org/opentest4j/opentest4j/1.3.0/opentest4j-1.3.0.jar:/home/scarelli/.m2/repository/org/junit/platform/junit-platform-commons/1.11.3/junit-platform-commons-1.11.3.jar:/home/scarelli/.m2/repository/org/apiguardian/apiguardian-api/1.1.2/apiguardian-api-1.1.2.jar:"/>
    <property name="java.vm.vendor" value="Oracle Corporation"/>
    <property name="sun.arch.data.model" value="64"/>
    <property name="java.vendor.url" value="https://java.oracle.com/"/>
    <property name="os.name" value="Linux"/>
    <property name="java.vm.specification.version" value="23"/>
    <property name="sun.java.launcher" value="SUN_STANDARD"/>
    <property name="sun.boot.library.path" value="/home/scarelli/.sdkman/candidates/java/23.0.1-oracle/lib"/>
    <property name="sun.java.command" value="/mnt/c/Users/scarelli/Documents/github/compiler/target/surefire/surefirebooter-20241124225331968_3.jar /mnt/c/Users/scarelli/Documents/github/compiler/target/surefire 2024-11-24T22-53-31_850-jvmRun1 surefire-20241124225331968_1tmp surefire_0-20241124225331968_2tmp"/>
    <property name="jdk.debug" value="release"/>
    <property name="surefire.test.class.path" value="/mnt/c/Users/scarelli/Documents/github/compiler/target/test-classes:/mnt/c/Users/scarelli/Documents/github/compiler/target/classes:/home/scarelli/.m2/repository/org/junit/jupiter/junit-jupiter-api/5.11.3/junit-jupiter-api-5.11.3.jar:/home/scarelli/.m2/repository/org/opentest4j/opentest4j/1.3.0/opentest4j-1.3.0.jar:/home/scarelli/.m2/repository/org/junit/platform/junit-platform-commons/1.11.3/junit-platform-commons-1.11.3.jar:/home/scarelli/.m2/repository/org/apiguardian/apiguardian-api/1.1.2/apiguardian-api-1.1.2.jar:"/>
    <property name="sun.cpu.endian" value="little"/>
    <property name="user.home" value="/home/scarelli"/>
    <property name="user.language" value="en"/>
    <property name="java.specification.vendor" value="Oracle Corporation"/>
    <property name="java.version.date" value="2024-10-15"/>
    <property name="java.home" value="/home/scarelli/.sdkman/candidates/java/23.0.1-oracle"/>
    <property name="file.separator" value="/"/>
    <property name="basedir" value="/mnt/c/Users/scarelli/Documents/github/compiler"/>
    <property name="java.vm.compressedOopsMode" value="32-bit"/>
    <property name="line.separator" value="&#10;"/>
    <property name="java.vm.specification.vendor" value="Oracle Corporation"/>
    <property name="java.specification.name" value="Java Platform API Specification"/>
    <property name="surefire.real.class.path" value="/mnt/c/Users/scarelli/Documents/github/compiler/target/surefire/surefirebooter-20241124225331968_3.jar"/>
    <property name="sun.management.compiler" value="HotSpot 64-Bit Tiered Compilers"/>
    <property name="java.runtime.version" value="23.0.1+11-39"/>
    <property name="user.name" value="scarelli"/>
    <property name="stdout.encoding" value="UTF-8"/>
    <property name="path.separator" value=":"/>
    <property name="os.version" value="5.15.167.4-microsoft-standard-WSL2"/>
    <property name="java.runtime.name" value="Java(TM) SE Runtime Environment"/>
    <property name="file.encoding" value="UTF-8"/>
    <property name="java.vm.name" value="Java HotSpot(TM) 64-Bit Server VM"/>
    <property name="localRepository" value="/home/scarelli/.m2/repository"/>
    <property name="java.vendor.url.bug" value="https://bugreport.java.com/bugreport/"/>
    <property name="java.io.tmpdir" value="/tmp"/>
    <property name="java.version" value="23.0.1"/>
    <property name="user.dir" value="/mnt/c/Users/scarelli/Documents/github/compiler"/>
    <property name="os.arch" value="amd64"/>
    <property name="java.vm.specification.name" value="Java Virtual Machine Specification"/>
    <property name="native.encoding" value="UTF-8"/>
    <property name="java.library.path" value="/usr/java/packages/lib:/usr/lib64:/lib64:/lib:/usr/lib"/>
    <property name="stderr.encoding" value="UTF-8"/>
    <property name="java.vm.info" value="mixed mode, sharing"/>
    <property name="java.vendor" value="Oracle Corporation"/>
    <property name="java.vm.version" value="23.0.1+11-39"/>
    <property name="sun.io.unicode.encoding" value="UnicodeLittle"/>
    <property name="java.class.version" value="67.0"/>
  </properties>
  <testcase name="testAction122EqualOperator" classname="com.compiler.model.SemanticTest" time="0.074"/>
  <testcase name="testAction122LessThanOperator" classname="com.compiler.model.SemanticTest" time="0.001"/>
  <testcase name="testPop2TypesAndPushCombination" classname="com.compiler.model.SemanticTest" time="0.003"/>
  <testcase name="testAction122GreaterThanOperator" classname="com.compiler.model.SemanticTest" time="0.001"/>
  <testcase name="testAction122InvalidRelationalOperator" classname="com.compiler.model.SemanticTest" time="0.001"/>
  <testcase name="testAction100" classname="com.compiler.model.SemanticTest" time="0.008">
    <system-out><![CDATA[ACTION #100, TOKEN: null
]]></system-out>
  </testcase>
  <testcase name="testAction101" classname="com.compiler.model.SemanticTest" time="0.014">
    <system-out><![CDATA[ACTION #101, TOKEN: 16 ( end ) @ 38
]]></system-out>
  </testcase>
  <testcase name="testAction118" classname="com.compiler.model.SemanticTest" time="0.002">
    <system-out><![CDATA[ACTION #118, TOKEN: 9 ( true ) @ 38
]]></system-out>
  </testcase>
  <testcase name="testAction119" classname="com.compiler.model.SemanticTest" time="0.002">
    <system-out><![CDATA[ACTION #119, TOKEN: 10 ( false ) @ 38
]]></system-out>
  </testcase>
  <testcase name="testAction120" classname="com.compiler.model.SemanticTest" time="0.002">
    <system-out><![CDATA[ACTION #120, TOKEN: 10 ( false ) @ 38
]]></system-out>
  </testcase>
  <testcase name="testAction121" classname="com.compiler.model.SemanticTest" time="0.001">
    <system-out><![CDATA[ACTION #121, TOKEN: 23 ( == ) @ 38
]]></system-out>
  </testcase>
  <testcase name="testAction123" classname="com.compiler.model.SemanticTest" time="0.001"/>
  <testcase name="testAction124" classname="com.compiler.model.SemanticTest" time="0.001"/>
  <testcase name="testAction125" classname="com.compiler.model.SemanticTest" time="0.001"/>
  <testcase name="testAction126" classname="com.compiler.model.SemanticTest" time="0.001"/>
  <testcase name="testAction128" classname="com.compiler.model.SemanticTest" time="0.001">
    <system-out><![CDATA[ACTION #128, TOKEN: 4 ( 1 ) @ 38
]]></system-out>
  </testcase>
  <testcase name="testAction129" classname="com.compiler.model.SemanticTest" time="0.002">
    <system-out><![CDATA[ACTION #129, TOKEN: 5 ( 1.0 ) @ 38
]]></system-out>
  </testcase>
  <testcase name="testAction130" classname="com.compiler.model.SemanticTest" time="0.002">
    <system-out><![CDATA[ACTION #130, TOKEN: 6 ( "teste string" ) @ 38
]]></system-out>
  </testcase>
  <testcase name="testAction131" classname="com.compiler.model.SemanticTest" time="0.001">
    <system-out><![CDATA[ACTION #131, TOKEN: 4 ( 7 ) @ 38
]]></system-out>
  </testcase>
  <testcase name="testAction122NotEqualOperator" classname="com.compiler.model.SemanticTest" time="0.001"/>
</testsuite>